<?xml version="1.0" encoding="UTF-8"?>
<!-- Generated by org.testng.reporters.JUnitReportReporter -->
<testsuite hostname="Tammi" failures="0" tests="1" name="com.qa.test.resources.loginPageTest" time="0.020" errors="0" timestamp="2022-03-10T22:31:59 IST" skipped="0">
  <testcase classname="com.qa.test.resources.loginPageTest" name="login" time="0.020"/>
  <system-out/>
</testsuite> <!-- com.qa.test.resources.loginPageTest -->
